Flutter crash report; please file at https://github.com/flutter/flutter/issues.

## command

flutter build ios

## exception

ProcessException: ProcessException: No such file or directory
  Command: /usr/bin/xcodebuild -project /Users/codelation/Desktop/webblen/ios/Runner.xcodeproj -target Runner -showBuildSettings

```
#0      _ProcessImpl._runAndWait (dart:io/runtime/binprocess_patch.dart:488:7)
#1      _runNonInteractiveProcessSync (dart:io/runtime/binprocess_patch.dart:633:18)
#2      Process.runSync (dart:io/runtime/binprocess_patch.dart:66:12)
#3      LocalProcessManager.runSync (package:process/src/interface/local_process_manager.dart:83:20)
#4      _runWithLoggingSync (package:flutter_tools/src/base/process.dart:324:48)
#5      runCheckedSync (package:flutter_tools/src/base/process.dart:282:10)
#6      XcodeProjectInterpreter.getBuildSettings (package:flutter_tools/src/ios/xcodeproj.dart:153:24)
#7      IosProject.buildSettings (package:flutter_tools/src/project.dart:246:42)
#8      IosProject.productBundleIdentifier (package:flutter_tools/src/project.dart:232:56)
#9      new BuildableIOSApp (package:flutter_tools/src/application_package.dart:234:66)
#10     new IOSApp.fromIosProject (package:flutter_tools/src/application_package.dart:222:12)
#11     ApplicationPackageStore.getPackageForPlatform (package:flutter_tools/src/application_package.dart:316:24)
<asynchronous suspension>
#12     BuildIOSCommand.runCommand (package:flutter_tools/src/commands/build_ios.dart:59:59)
<asynchronous suspension>
#13     FlutterCommand.verifyThenRunCommand (package:flutter_tools/src/runner/flutter_command.dart:372:18)
#14     _asyncThenWrapperHelper.<anonymous closure> (dart:async/runtime/libasync_patch.dart:77:64)
#15     _rootRunUnary (dart:async/zone.dart:1132:38)
#16     _CustomZone.runUnary (dart:async/zone.dart:1029:19)
#17     _FutureListener.handleValue (dart:async/future_impl.dart:129:18)
#18     Future._propagateToListeners.handleValueCallback (dart:async/future_impl.dart:642:45)
#19     Future._propagateToListeners (dart:async/future_impl.dart:671:32)
#20     Future._complete (dart:async/future_impl.dart:476:7)
#21     _SyncCompleter.complete (dart:async/future_impl.dart:51:12)
#22     _AsyncAwaitCompleter.complete.<anonymous closure> (dart:async/runtime/libasync_patch.dart:33:20)
#23     _rootRun (dart:async/zone.dart:1124:13)
#24     _CustomZone.run (dart:async/zone.dart:1021:19)
#25     _CustomZone.bindCallback.<anonymous closure> (dart:async/zone.dart:947:23)
#26     _microtaskLoop (dart:async/schedule_microtask.dart:41:21)
#27     _startMicrotaskLoop (dart:async/schedule_microtask.dart:50:5)
#28     _runPendingImmediateCallback (dart:isolate/runtime/libisolate_patch.dart:115:13)
#29     _RawReceivePortImpl._handleMessage (dart:isolate/runtime/libisolate_patch.dart:172:5)
```

## flutter doctor

```
[✓] Flutter (Channel dev, v0.9.5, on Mac OS X 10.13.6 17G65, locale en-US)
    • Flutter version 0.9.5 at /Users/codelation/flutter
    • Framework revision 020fd590b0 (6 days ago), 2018-09-26 14:28:26 -0700
    • Engine revision 38a646e14c
    • Dart version 2.1.0-dev.5.0.flutter-4cf2d3990b

[✓] Android toolchain - develop for Android devices (Android SDK 27.0.3)
    • Android SDK at /Users/codelation/Library/Android/sdk
    • Android NDK location not configured (optional; useful for native profiling support)
    • Platform android-27, build-tools 27.0.3
    • Java binary at: /Applications/Android Studio.app/Contents/jre/jdk/Contents/Home/bin/java
    • Java version OpenJDK Runtime Environment (build 1.8.0_152-release-1136-b06)
    • All Android licenses accepted.

[✓] iOS toolchain - develop for iOS devices (Xcode 10.0)
    • Xcode at /Applications/Xcode.app/Contents/Developer
    • Xcode 10.0, Build version 10A255
    • ios-deploy 2.0.0
    • CocoaPods version 1.5.0

[✓] Android Studio (version 3.2)
    • Android Studio at /Applications/Android Studio.app/Contents
    • Flutter plugin version 28.0.2
    • Dart plugin version 181.5616
    • Java version OpenJDK Runtime Environment (build 1.8.0_152-release-1136-b06)

[!] Connected device
    ! No devices available

! Doctor found issues in 1 category.
```
